[debug] [2022-05-29T06:58:23.449Z] ----------------------------------------------------------------------
[debug] [2022-05-29T06:58:23.452Z] Command:       C:\Program Files\nodejs\node.exe C:\Users\hp\AppData\Roaming\npm\node_modules\firebase-tools\lib\bin\firebase.js init functions
[debug] [2022-05-29T06:58:23.453Z] CLI Version:   11.0.1
[debug] [2022-05-29T06:58:23.454Z] Platform:      win32
[debug] [2022-05-29T06:58:23.454Z] Node Version:  v16.14.2
[debug] [2022-05-29T06:58:23.479Z] Time:          Sun May 29 2022 12:28:23 GMT+0530 (India Standard Time)
[debug] [2022-05-29T06:58:23.479Z] ----------------------------------------------------------------------
[debug] 
[debug] [2022-05-29T06:58:23.934Z] > command requires scopes: ["email","openid","https://www.googleapis.com/auth/cloudplatformprojects.readonly","https://www.googleapis.com/auth/firebase","https://www.googleapis.com/auth/cloud-platform"]
[debug] [2022-05-29T06:58:23.934Z] > authorizing via signed-in user (hit.nikhil@gmail.com)
[info] 
     ######## #### ########  ######## ########     ###     ######  ########
     ##        ##  ##     ## ##       ##     ##  ##   ##  ##       ##
     ######    ##  ########  ######   ########  #########  ######  ######
     ##        ##  ##    ##  ##       ##     ## ##     ##       ## ##
     ##       #### ##     ## ######## ########  ##     ##  ######  ########

You're about to initialize a Firebase project in this directory:

  D:\news api\superchat

Before we get started, keep in mind:

  * You are initializing within an existing Firebase project directory

[info] 
=== Project Setup
[info] 
[info] First, let's associate this project directory with a Firebase project.
[info] You can create multiple project aliases by running firebase use --add, 
[info] but for now we'll just set up a default project.
[info] 
[debug] [2022-05-29T06:58:26.510Z] Using project from CLI flag: fireship-demos
[debug] [2022-05-29T06:58:26.592Z] >>> [apiv2][query] GET https://firebase.googleapis.com/v1beta1/projects/fireship-demos [none]
[debug] [2022-05-29T06:58:33.157Z] <<< [apiv2][status] GET https://firebase.googleapis.com/v1beta1/projects/fireship-demos 403
[debug] [2022-05-29T06:58:33.158Z] <<< [apiv2][body] GET https://firebase.googleapis.com/v1beta1/projects/fireship-demos {"error":{"code":403,"message":"The caller does not have permission","status":"PERMISSION_DENIED"}}
[debug] [2022-05-29T06:58:33.159Z] HTTP Error: 403, The caller does not have permission
[debug] [2022-05-29T06:58:33.564Z] FirebaseError: HTTP Error: 403, The caller does not have permission
    at module.exports (C:\Users\hp\AppData\Roaming\npm\node_modules\firebase-tools\lib\responseToError.js:47:12)
    at RetryOperation._fn (C:\Users\hp\AppData\Roaming\npm\node_modules\firebase-tools\lib\apiv2.js:286:39)
    at processTicksAndRejections (node:internal/process/task_queues:96:5)
[error] 
[error] Error: Failed to get Firebase project fireship-demos. Please make sure the project exists and your account has permission to access it.
